[debug] [2024-02-12T18:34:08.779Z] ----------------------------------------------------------------------
[debug] [2024-02-12T18:34:08.785Z] Command:       C:\Program Files\nodejs\node.exe C:\Users\Arunava\AppData\Roaming\npm\node_modules\firebase-tools\lib\bin\firebase.js init hosting
[debug] [2024-02-12T18:34:08.786Z] CLI Version:   13.2.1
[debug] [2024-02-12T18:34:08.786Z] Platform:      win32
[debug] [2024-02-12T18:34:08.787Z] Node Version:  v20.10.0
[debug] [2024-02-12T18:34:08.787Z] Time:          Tue Feb 13 2024 00:04:08 GMT+0530 (India Standard Time)
[debug] [2024-02-12T18:34:08.787Z] ----------------------------------------------------------------------
[debug] 
[debug] [2024-02-12T18:34:08.800Z] > command requires scopes: ["email","openid","https://www.googleapis.com/auth/cloudplatformprojects.readonly","https://www.googleapis.com/auth/firebase","https://www.googleapis.com/auth/cloud-platform"]
[debug] [2024-02-12T18:34:08.801Z] > authorizing via signed-in user (chakrabartyarunava19@gmail.com)
[info] 
     ######## #### ########  ######## ########     ###     ######  ########
     ##        ##  ##     ## ##       ##     ##  ##   ##  ##       ##
     ######    ##  ########  ######   ########  #########  ######  ######
     ##        ##  ##    ##  ##       ##     ## ##     ##       ## ##
     ##       #### ##     ## ######## ########  ##     ##  ######  ########

You're about to initialize a Firebase project in this directory:

  D:\Programming\Project CulturalCanvas\Team-PixelCulture

[info] 
=== Project Setup
[info] 
[info] First, let's associate this project directory with a Firebase project.
[info] You can create multiple project aliases by running firebase use --add, 
[info] but for now we'll just set up a default project.
[info] 
[debug] [2024-02-12T18:36:12.631Z] >>> [apiv2][query] GET https://firebase.googleapis.com/v1beta1/projects pageSize=100
[debug] [2024-02-12T18:36:13.676Z] <<< [apiv2][status] GET https://firebase.googleapis.com/v1beta1/projects 200
[debug] [2024-02-12T18:36:13.676Z] <<< [apiv2][body] GET https://firebase.googleapis.com/v1beta1/projects [omitted]
[info] i  Using project culturalcanvas-21286 (CulturalCanvas) 
[info] 
=== Hosting Setup
[debug] [2024-02-12T18:36:19.161Z] >>> [apiv2][query] GET https://firebase.googleapis.com/v1beta1/projects/culturalcanvas-21286 [none]
[debug] [2024-02-12T18:36:19.746Z] <<< [apiv2][status] GET https://firebase.googleapis.com/v1beta1/projects/culturalcanvas-21286 200
[debug] [2024-02-12T18:36:19.747Z] <<< [apiv2][body] GET https://firebase.googleapis.com/v1beta1/projects/culturalcanvas-21286 {"projectId":"culturalcanvas-21286","projectNumber":"123738566601","displayName":"CulturalCanvas","name":"projects/culturalcanvas-21286","resources":{"hostingSite":"culturalcanvas-21286","realtimeDatabaseInstance":"culturalcanvas-21286-default-rtdb"},"state":"ACTIVE","etag":"1_9c5c6222-8e85-4ca4-895f-2095b2fc877b"}
[info] 
[info] Your public directory is the folder (relative to your project directory) that
[info] will contain Hosting assets to be uploaded with firebase deploy. If you
[info] have a build process for your assets, use your build's output directory.
[info] 
